<?xml version="1.0" encoding="UTF-8"?>
<testsuite name="tourGuide.TestRewardsService" tests="3" skipped="1" failures="0" errors="0" timestamp="2022-06-12T16:08:27" hostname="LAPTOP-NCL1K2PK" time="1.004">
  <properties/>
  <testcase name="nearAllAttractions()" classname="tourGuide.TestRewardsService" time="0.0">
    <skipped/>
  </testcase>
  <testcase name="userGetRewards()" classname="tourGuide.TestRewardsService" time="0.998"/>
  <testcase name="isWithinAttractionProximity()" classname="tourGuide.TestRewardsService" time="0.004"/>
  <system-out><![CDATA[18:08:23.884 [Test worker] DEBUG org.springframework.test.context.BootstrapUtils - Instantiating CacheAwareContextLoaderDelegate from class [org.springframework.test.context.cache.DefaultCacheAwareContextLoaderDelegate]
18:08:23.894 [Test worker] DEBUG org.springframework.test.context.BootstrapUtils - Instantiating BootstrapContext using constructor [public org.springframework.test.context.support.DefaultBootstrapContext(java.lang.Class,org.springframework.test.context.CacheAwareContextLoaderDelegate)]
18:08:23.926 [Test worker] DEBUG org.springframework.test.context.BootstrapUtils - Instantiating TestContextBootstrapper for test class [tourGuide.TestRewardsService] from class [org.springframework.boot.test.context.SpringBootTestContextBootstrapper]
18:08:23.941 [Test worker] INFO org.springframework.boot.test.context.SpringBootTestContextBootstrapper - Neither @ContextConfiguration nor @ContextHierarchy found for test class [tourGuide.TestRewardsService], using SpringBootContextLoader
18:08:23.941 [Test worker] DEBUG org.springframework.test.context.support.AbstractContextLoader - Did not detect default resource location for test class [tourGuide.TestRewardsService]: class path resource [tourGuide/TestRewardsService-context.xml] does not exist
18:08:23.941 [Test worker] DEBUG org.springframework.test.context.support.AbstractContextLoader - Did not detect default resource location for test class [tourGuide.TestRewardsService]: class path resource [tourGuide/TestRewardsServiceContext.groovy] does not exist
18:08:23.950 [Test worker] INFO org.springframework.test.context.support.AbstractContextLoader - Could not detect default resource locations for test class [tourGuide.TestRewardsService]: no resource found for suffixes {-context.xml, Context.groovy}.
18:08:23.951 [Test worker] INFO org.springframework.test.context.support.AnnotationConfigContextLoaderUtils - Could not detect default configuration classes for test class [tourGuide.TestRewardsService]: TestRewardsService does not declare any static, non-private, non-final, nested classes annotated with @Configuration.
18:08:23.989 [Test worker] DEBUG org.springframework.test.context.support.ActiveProfilesUtils - Could not find an 'annotation declaring class' for annotation type [org.springframework.test.context.ActiveProfiles] and class [tourGuide.TestRewardsService]
18:08:24.053 [Test worker] DEBUG org.springframework.context.annotation.ClassPathScanningCandidateComponentProvider - Identified candidate component class: file [C:\Projects\TourGuide\TourGuideApp\build\classes\java\main\tourGuide\Application.class]
18:08:24.053 [Test worker] INFO org.springframework.boot.test.context.SpringBootTestContextBootstrapper - Found @SpringBootConfiguration tourGuide.Application for test class tourGuide.TestRewardsService
18:08:24.134 [Test worker] DEBUG org.springframework.boot.test.context.SpringBootTestContextBootstrapper - @TestExecutionListeners is not present for class [tourGuide.TestRewardsService]: using defaults.
18:08:24.134 [Test worker] INFO org.springframework.boot.test.context.SpringBootTestContextBootstrapper - Loaded default TestExecutionListener class names from location [META-INF/spring.factories]: [org.springframework.boot.test.autoconfigure.restdocs.RestDocsTestExecutionListener, org.springframework.boot.test.autoconfigure.web.client.MockRestServiceServerResetTestExecutionListener, org.springframework.boot.test.autoconfigure.web.servlet.MockMvcPrintOnlyOnFailureTestExecutionListener, org.springframework.boot.test.autoconfigure.web.servlet.WebDriverTestExecutionListener, org.springframework.boot.test.autoconfigure.webservices.client.MockWebServiceServerTestExecutionListener, org.springframework.boot.test.mock.mockito.MockitoTestExecutionListener, org.springframework.boot.test.mock.mockito.ResetMocksTestExecutionListener, org.springframework.test.context.web.ServletTestExecutionListener, org.springframework.test.context.support.DirtiesContextBeforeModesTestExecutionListener, org.springframework.test.context.event.ApplicationEventsTestExecutionListener, org.springframework.test.context.support.DependencyInjectionTestExecutionListener, org.springframework.test.context.support.DirtiesContextTestExecutionListener, org.springframework.test.context.transaction.TransactionalTestExecutionListener, org.springframework.test.context.jdbc.SqlScriptsTestExecutionListener, org.springframework.test.context.event.EventPublishingTestExecutionListener]
18:08:24.149 [Test worker] DEBUG org.springframework.boot.test.context.SpringBootTestContextBootstrapper - Skipping candidate TestExecutionListener [org.springframework.test.context.transaction.TransactionalTestExecutionListener] due to a missing dependency. Specify custom listener classes or make the default listener classes and their required dependencies available. Offending class: [org/springframework/transaction/TransactionDefinition]
18:08:24.158 [Test worker] DEBUG org.springframework.boot.test.context.SpringBootTestContextBootstrapper - Skipping candidate TestExecutionListener [org.springframework.test.context.jdbc.SqlScriptsTestExecutionListener] due to a missing dependency. Specify custom listener classes or make the default listener classes and their required dependencies available. Offending class: [org/springframework/transaction/interceptor/TransactionAttribute]
18:08:24.158 [Test worker] INFO org.springframework.boot.test.context.SpringBootTestContextBootstrapper - Using TestExecutionListeners: [org.springframework.test.context.web.ServletTestExecutionListener@3e2fc448, org.springframework.test.context.support.DirtiesContextBeforeModesTestExecutionListener@21680803, org.springframework.test.context.event.ApplicationEventsTestExecutionListener@588ab592, org.springframework.boot.test.mock.mockito.MockitoTestExecutionListener@c8b96ec, org.springframework.boot.test.autoconfigure.SpringBootDependencyInjectionTestExecutionListener@4cc61eb1, org.springframework.test.context.support.DirtiesContextTestExecutionListener@2d8f2f3a, org.springframework.test.context.event.EventPublishingTestExecutionListener@2024293c, org.springframework.boot.test.autoconfigure.restdocs.RestDocsTestExecutionListener@7048f722, org.springframework.boot.test.autoconfigure.web.client.MockRestServiceServerResetTestExecutionListener@c074c0c, org.springframework.boot.test.autoconfigure.web.servlet.MockMvcPrintOnlyOnFailureTestExecutionListener@58a55449, org.springframework.boot.test.autoconfigure.web.servlet.WebDriverTestExecutionListener@5949eba8, org.springframework.boot.test.autoconfigure.webservices.client.MockWebServiceServerTestExecutionListener@6e0ff644, org.springframework.boot.test.mock.mockito.ResetMocksTestExecutionListener@58dea0a5]
18:08:24.161 [Test worker] DEBUG org.springframework.test.context.support.AbstractDirtiesContextTestExecutionListener - Before test class: context [DefaultTestContext@3a7b503d testClass = TestRewardsService, testInstance = [null], testMethod = [null], testException = [null], mergedContextConfiguration = [WebMergedContextConfiguration@512d92b testClass = TestRewardsService, locations = '{}', classes = '{class tourGuide.Application}', contextInitializerClasses = '[]', activeProfiles = '{}', propertySourceLocations = '{}', propertySourceProperties = '{org.springframework.boot.test.context.SpringBootTestContextBootstrapper=true}', contextCustomizers = set[org.springframework.boot.test.autoconfigure.actuate.metrics.MetricsExportContextCustomizerFactory$DisableMetricExportContextCustomizer@57fd91c9, org.springframework.boot.test.autoconfigure.properties.PropertyMappingContextCustomizer@0, org.springframework.boot.test.autoconfigure.web.servlet.WebDriverContextCustomizerFactory$Customizer@75459c75, org.springframework.boot.test.context.filter.ExcludeFilterContextCustomizer@b78a709, org.springframework.boot.test.json.DuplicateJsonObjectContextCustomizerFactory$DuplicateJsonObjectContextCustomizer@cb191ca, org.springframework.boot.test.mock.mockito.MockitoContextCustomizer@0, org.springframework.boot.test.web.client.TestRestTemplateContextCustomizer@75d0911a, org.springframework.boot.test.context.SpringBootTestArgs@1, org.springframework.boot.test.context.SpringBootTestWebEnvironment@456d6c1e], resourceBasePath = 'src/main/webapp', contextLoader = 'org.springframework.boot.test.context.SpringBootContextLoader', parent = [null]], attributes = map['org.springframework.test.context.web.ServletTestExecutionListener.activateListener' -> true]], class annotated with @DirtiesContext [false] with mode [null].

  .   ____          _            __ _ _
 /\\ / ___'_ __ _ _(_)_ __  __ _ \ \ \ \
( ( )\___ | '_ | '_| | '_ \/ _` | \ \ \ \
 \\/  ___)| |_)| | | | | || (_| |  ) ) ) )
  '  |____| .__|_| |_|_| |_\__, | / / / /
 =========|_|==============|___/=/_/_/_/
 :: Spring Boot ::                (v2.7.0)

2022-06-12 18:08:24.728  INFO 30680 --- [    Test worker] tourGuide.TestRewardsService             : Starting TestRewardsService using Java 11.0.14 on LAPTOP-NCL1K2PK with PID 30680 (started by Fatim in C:\Projects\TourGuide\TourGuideApp)
2022-06-12 18:08:24.728 DEBUG 30680 --- [    Test worker] tourGuide.TestRewardsService             : Running with Spring Boot v2.7.0, Spring v5.3.20
2022-06-12 18:08:24.736  INFO 30680 --- [    Test worker] tourGuide.TestRewardsService             : No active profile set, falling back to 1 default profile: "default"
2022-06-12 18:08:25.494  INFO 30680 --- [    Test worker] o.s.cloud.context.scope.GenericScope     : BeanFactory id=3bce3876-6a66-3033-aba6-45f37a9acc99
2022-06-12 18:08:25.916  INFO 30680 --- [    Test worker] tourGuide.service.TourGuideService       : TestMode enabled
2022-06-12 18:08:25.916 DEBUG 30680 --- [    Test worker] tourGuide.service.TourGuideService       : Initializing users
2022-06-12 18:08:25.950  INFO 30680 --- [    Test worker] o.j.m.DefaultMonetaryContextFactory      : Using custom MathContext: precision=256, roundingMode=HALF_EVEN
2022-06-12 18:08:25.961 DEBUG 30680 --- [    Test worker] tourGuide.service.UserService            : Created 100 internal test users.
2022-06-12 18:08:25.961 DEBUG 30680 --- [    Test worker] tourGuide.service.TourGuideService       : Finished initializing users
2022-06-12 18:08:25.977 DEBUG 30680 --- [pool-3-thread-1] tourGuide.tracker.Tracker                : Begin Tracker. Tracking 100 users.
2022-06-12 18:08:26.001 DEBUG 30680 --- [pool-3-thread-1] tourGuide.tracker.Tracker                : Tracker Time Elapsed: 0 seconds.
2022-06-12 18:08:26.001 DEBUG 30680 --- [pool-3-thread-1] tourGuide.tracker.Tracker                : Tracker sleeping
2022-06-12 18:08:27.134  INFO 30680 --- [    Test worker] o.s.b.a.e.web.EndpointLinksResolver      : Exposing 1 endpoint(s) beneath base path '/actuator'
2022-06-12 18:08:27.183  INFO 30680 --- [    Test worker] tourGuide.TestRewardsService             : Started TestRewardsService in 2.984 seconds (JVM running for 4.168)
2022-06-12 18:08:27.532  INFO 30680 --- [    Test worker] tourGuide.service.TourGuideService       : TestMode enabled
2022-06-12 18:08:27.532 DEBUG 30680 --- [    Test worker] tourGuide.service.TourGuideService       : Initializing users
2022-06-12 18:08:27.532 DEBUG 30680 --- [    Test worker] tourGuide.service.UserService            : Created 0 internal test users.
2022-06-12 18:08:27.532 DEBUG 30680 --- [    Test worker] tourGuide.service.TourGuideService       : Finished initializing users
2022-06-12 18:08:27.532 DEBUG 30680 --- [pool-5-thread-1] tourGuide.tracker.Tracker                : Begin Tracker. Tracking 100 users.
2022-06-12 18:08:27.554 DEBUG 30680 --- [pool-5-thread-1] tourGuide.tracker.Tracker                : Tracker Time Elapsed: 0 seconds.
2022-06-12 18:08:27.554 DEBUG 30680 --- [pool-5-thread-1] tourGuide.tracker.Tracker                : Tracker sleeping
]]></system-out>
  <system-err><![CDATA[]]></system-err>
</testsuite>
